2026-03-12 08:02:57|   0.0|  0.0|INFORM|Current FME version: FME 2025.0.3.0 (20250602 - Build 25241 - WIN64)
2026-03-12 08:02:57|   0.0|  0.0|INFORM|System Time: 20260312070258 UTC
2026-03-12 08:02:57|   0.0|  0.0|INFORM|FME_HOME is 'C:\Program Files\FME\'
2026-03-12 08:02:58|   0.0|  0.0|INFORM|FME Form (floating)
2026-03-12 08:02:58|   0.0|  0.0|INFORM|Permanent License.
2026-03-12 08:02:58|   0.0|  0.0|INFORM|Machine host name is: DESKTOP-BIEK64S
2026-03-12 08:02:58|   0.0|  0.0|INFORM|OS Locale Name     : en_CH
2026-03-12 08:02:58|   0.0|  0.0|INFORM|OS Locale Encoding : windows-1252
2026-03-12 08:02:58|   0.0|  0.0|INFORM|Process Encoding   : UTF-8
2026-03-12 08:02:58|   0.0|  0.0|INFORM|FME API version: '4.0 20240722'
2026-03-12 08:02:58|   0.0|  0.0|INFORM|FME Configuration: FME_BASE is 'no'
2026-03-12 08:02:58|   0.0|  0.0|INFORM|FME Configuration: FME_MF_DIR is 'C:\Users\DavidRasner\Documents\GitHub\green-inventory\scripts/'
2026-03-12 08:02:58|   0.0|  0.0|INFORM|FME Configuration: FME_MF_NAME is 'Parcels FME.fmw'
2026-03-12 08:02:58|   0.0|  0.0|INFORM|FME Configuration: FME_PRODUCT_NAME is 'FME(R) 2025.0.3.0'
2026-03-12 08:02:58|   0.0|  0.0|INFORM|Operating System: Microsoft Windows 10 64-bit  (Build 19045)
2026-03-12 08:02:58|   0.0|  0.0|INFORM|FME Platform: WIN64
2026-03-12 08:02:58|   0.0|  0.0|INFORM|System Status: 41.74 GB of disk space available in the FME temporary folder (C:\Users\DAVIDR~1\AppData\Local\Temp\wbrun_1773295309002_36620\fmetmp_6)
2026-03-12 08:02:58|   0.0|  0.0|INFORM|System Status: 31.72 GB of physical memory available
2026-03-12 08:02:58|   0.0|  0.0|INFORM|System Status: 126.88 GB of virtual memory available
2026-03-12 08:02:58|   0.0|  0.0|INFORM|START - ProcessID: 142156, peak process memory usage: 43136 kB, current process memory usage: 43132 kB
2026-03-12 08:02:58|   0.0|  0.0|INFORM|FME Configuration: Command line arguments are `C:\Program Files\FME\fme.exe' `C:\Users\DavidRasner\Documents\GitHub\green-inventory\scripts\wb-xlate-1773298975300_36620' `--FME_LAUNCH_VIEWER_APP' `WORKBENCH' `LOG_STANDARDOUT' `YES' `LOG_TIMINGS' `YES' `LogCountServerName' `52966' `LOG_STANDARDOUT' `No' `WORKBENCH_LOG_SERVER' `52950'
2026-03-12 08:02:58|   0.0|  0.0|INFORM|FME Configuration: Connection Storage: 'C:\Users\DavidRasner\AppData\Roaming\Safe Software\FME\'
2026-03-12 08:02:58|   0.4|  0.4|INFORM|Shared folders for formats are : C:\Program Files\FME\datasources;C:\Users\DavidRasner\AppData\Roaming\Safe Software\FME\FME Store\Formats;C:\Users\DavidRasner\Documents\FME\Formats
2026-03-12 08:02:58|   0.4|  0.0|INFORM|Shared folders for transformers are : C:\Users\DavidRasner\AppData\Roaming\Safe Software\FME\Packages\25241-win64\transformers;C:\Program Files\FME\transformers;C:\Users\DavidRasner\AppData\Roaming\Safe Software\FME\FME Store\Transformers
2026-03-12 08:02:58|   0.4|  0.0|INFORM|Shared folders for coordinate systems are : C:\Users\DavidRasner\Documents\FME\CoordinateSystems
2026-03-12 08:02:58|   0.4|  0.0|INFORM|Shared folders for coordinate system exceptions are : C:\Users\DavidRasner\Documents\FME\CoordinateSystemExceptions
2026-03-12 08:02:58|   0.4|  0.0|INFORM|Shared folders for coordinate system grid overrides are : C:\Users\DavidRasner\Documents\FME\CoordinateSystemGridOverrides
2026-03-12 08:02:58|   0.4|  0.0|INFORM|Shared folders for CS-MAP transformation exceptions are : C:\Users\DavidRasner\Documents\FME\CsmapTransformationExceptions
2026-03-12 08:02:58|   0.4|  0.0|INFORM|Shared folders for transformer categories are : C:\Users\DavidRasner\Documents\FME\TransformerCategories
2026-03-12 08:02:58|   0.4|  0.0|INFORM|FME Configuration: No destination coordinate system set
2026-03-12 08:02:58|   0.4|  0.0|INFORM|FME Configuration: Current working folder is `C:\Users\DavidRasner\Documents\GitHub\green-inventory\scripts'
2026-03-12 08:02:58|   0.4|  0.0|INFORM|FME Configuration: Temporary folder is `C:\Users\DAVIDR~1\AppData\Local\Temp\wbrun_1773295309002_36620\fmetmp_6', set from environment variable `FME_TEMP'
2026-03-12 08:02:58|   0.4|  0.0|INFORM|FME Configuration: Cache folder is 'C:\Users\DAVIDR~1\AppData\Local\Temp'
2026-03-12 08:02:58|   0.4|  0.0|INFORM|FME Configuration: FME_HOME is `C:\Program Files\FME\'
2026-03-12 08:02:58|   0.4|  0.0|INFORM|FME Configuration: Start freeing memory when the process exceeds 95.16 GB
2026-03-12 08:02:58|   0.4|  0.0|INFORM|FME Configuration: Stop freeing memory when the process is below 71.37 GB
2026-03-12 08:02:58|   0.6|  0.2|INFORM|Creating writer for format: 
2026-03-12 08:02:58|   0.6|  0.0|INFORM|Creating reader for format: 
2026-03-12 08:02:58|   0.6|  0.0|INFORM|MULTI_READER(MULTI_READER): Will fail with first member reader failure
2026-03-12 08:02:58|   0.6|  0.0|INFORM|Using Multi Reader with keyword `MULTI_READER' to read multiple datasets
2026-03-12 08:02:58|   0.6|  0.0|INFORM|Using MultiWriter with keyword `MULTI_DEST' to output data (ID_ATTRIBUTE is `multi_writer_id')
2026-03-12 08:02:58|   0.7|  0.1|INFORM|Using Python interpreter from `C:\Program Files\FME\fmepython313\python313.dll' with PYTHONHOME `C:\Program Files\FME\fmepython313'
2026-03-12 08:02:58|   0.7|  0.0|INFORM|Python version 3.13 loaded successfully
2026-03-12 08:02:58|   0.7|  0.0|INFORM|Adding folder `C:\Users\DavidRasner\Documents\GitHub\green-inventory\scripts' to the python path
2026-03-12 08:02:59|   1.2|  0.5|INFORM|FME Configuration: Using FME Reprojection Engine
2026-03-12 08:02:59|   1.3|  0.1|INFORM|Emptying factory pipeline
2026-03-12 08:03:00|   1.7|  0.4|INFORM|Creating reader for format: CSV (Comma Separated Value)
2026-03-12 08:03:00|   1.7|  0.0|INFORM|Trying to find a DYNAMIC plugin for reader named `CSV2'
2026-03-12 08:03:00|   1.7|  0.0|INFORM|FeatureReader (QueryFactory): Performing query against CSV2 dataset `D:\260311_Grundstück SAP.txt'
2026-03-12 08:03:00|   1.8|  0.1|INFORM|Creating reader for format: CSV (Comma Separated Value)
2026-03-12 08:03:00|   1.8|  0.0|INFORM|Trying to find a DYNAMIC plugin for reader named `CSV2'
2026-03-12 08:03:00|   1.8|  0.0|INFORM|Creating reader for format: CSV (Comma Separated Value)
2026-03-12 08:03:00|   1.8|  0.0|INFORM|Trying to find a DYNAMIC plugin for reader named `CSV2'
2026-03-12 08:03:00|   1.8|  0.0|INFORM|CSV reader: Opening dataset 'D:\260311_Grundstück SAP.txt'
2026-03-12 08:03:00|   1.8|  0.0|INFORM|CSV reader: Directive '_TRIM_FEATURE_TYPE_NAME' has the value 'Yes'
2026-03-12 08:03:00|   1.8|  0.0|INFORM|CSV reader: Directive '_SUPPORTED_READER_ARCHIVE_EXTENSIONS' has the value 'csv.gz,txt.gz'
2026-03-12 08:03:00|   1.8|  0.0|INFORM|CSV reader: Directive '_DELIMITER' has the value '|'
2026-03-12 08:03:00|   1.8|  0.0|INFORM|CSV reader: Directive '_DELIMITER_DETECTION_ALGORITHM' has the value 'EQUAL_FIELDS_PER_LINE'
2026-03-12 08:03:00|   1.8|  0.0|INFORM|CSV reader: Directive '_FIELD_NAMES_LINE' has the value '11'
2026-03-12 08:03:00|   1.8|  0.0|INFORM|CSV reader: Directive '_DATA_START_LINE' has the value '12'
2026-03-12 08:03:00|   1.8|  0.0|INFORM|CSV reader: Directive '_SCAN_MAX_ROWS' has the value '250000'
2026-03-12 08:03:00|   1.8|  0.0|INFORM|CSV reader: Directive '_READ_SKIPPED_LINES' has the value 'No'
2026-03-12 08:03:00|   1.8|  0.0|INFORM|CSV reader: Directive '_ENCODING' has the value 'windows-1252'
2026-03-12 08:03:00|   1.8|  0.0|INFORM|CSV reader: Directive 'FME_NAMES_ENCODING' has the value 'UTF-8'
2026-03-12 08:03:00|   1.8|  0.0|INFORM|CSV reader: Directive '_SKIP_DUPLICATE_DELIMITERS' has the value 'No'
2026-03-12 08:03:00|   1.8|  0.0|INFORM|CSV reader: Directive '_FIELD_QUALIFIER_CHARACTER' has the value '"'
2026-03-12 08:03:00|   1.8|  0.0|INFORM|CSV reader: Directive '_FIELD_QUALIFIER_ESCAPE_CHARACTER' has the value '"'
2026-03-12 08:03:00|   1.8|  0.0|INFORM|CSV reader: Directive '_TRIM_FIELD_NAME_QUALIFIERS' has the value 'Yes'
2026-03-12 08:03:00|   1.8|  0.0|INFORM|CSV reader: Directive '_TRIM_FIELD_VALUE_QUALIFIERS' has the value 'Yes'
2026-03-12 08:03:00|   1.8|  0.0|INFORM|CSV reader: Directive '_PRESERVE_SOURCE_ENCODING' has the value 'No'
2026-03-12 08:03:00|   1.8|  0.0|INFORM|CSV reader: Directive '_CASE_SENSITIVE_FIELD_NAMES' has the value 'Yes'
2026-03-12 08:03:00|   1.8|  0.0|INFORM|CSV reader: Directive '_ENFORCE_STRICT_SCHEMA' has the value 'No'
2026-03-12 08:03:00|   1.8|  0.0|INFORM|CSV reader: Directive '_SCAN_TYPES' has the value 'Yes'
2026-03-12 08:03:00|   1.8|  0.0|INFORM|CSV reader: Directive '_TYPE_ATTRIBUTE_HANDLING' has the value 'STANDARD_TYPES'
2026-03-12 08:03:00|   1.8|  0.0|INFORM|CSV reader: Directive '_STRING_TYPE_ATTRIBUTE_HANDLING' has the value 'EXPLICIT_WIDTH'
2026-03-12 08:03:00|   1.8|  0.0|INFORM|CSV reader: Directive '_SCAN_ADDITIONAL_FIELDS' has the value 'No'
2026-03-12 08:03:00|   1.8|  0.0|INFORM|CSV reader: Directive '_DATE_INPUT_FORMAT' has the value 'ISO'
2026-03-12 08:03:00|   1.8|  0.0|INFORM|CSV reader: Directive '_CHUNK_SIZE' has the value '100000'
2026-03-12 08:03:00|   1.8|  0.0|INFORM|CSV reader: Directive '_TRIM_FIELD_NAME_WHITESPACE' has the value 'Yes'
2026-03-12 08:03:00|   1.8|  0.0|INFORM|CSV reader: Directive '_READ_EMPTY_VALUES_AS' has the value 'Null'
2026-03-12 08:03:00|   1.8|  0.0|INFORM|CSV reader: Directive '_REPLACE_ATTR_NAME_INVALID_CHARS' has the value 'No'
2026-03-12 08:03:00|   2.1|  0.3|INFORM|Merged 1 schema features read from 1 datasets into 1 resulting feature types
2026-03-12 08:03:01|   2.2|  0.1|INFORM|CSV reader: Opening dataset 'D:\260311_Grundstück SAP.txt'
2026-03-12 08:03:01|   2.3|  0.1|INFORM|CSV reader: Directive '_TRIM_FEATURE_TYPE_NAME' has the value 'Yes'
2026-03-12 08:03:01|   2.3|  0.0|INFORM|CSV reader: Directive '_SUPPORTED_READER_ARCHIVE_EXTENSIONS' has the value 'csv.gz,txt.gz'
2026-03-12 08:03:01|   2.3|  0.0|INFORM|CSV reader: Directive '_DELIMITER' has the value '|'
2026-03-12 08:03:01|   2.3|  0.0|INFORM|CSV reader: Directive '_DELIMITER_DETECTION_ALGORITHM' has the value 'EQUAL_FIELDS_PER_LINE'
2026-03-12 08:03:01|   2.3|  0.0|INFORM|CSV reader: Directive '_FIELD_NAMES_LINE' has the value '11'
2026-03-12 08:03:01|   2.3|  0.0|INFORM|CSV reader: Directive '_DATA_START_LINE' has the value '12'
2026-03-12 08:03:01|   2.3|  0.0|INFORM|CSV reader: Directive '_SCAN_MAX_ROWS' has the value '250000'
2026-03-12 08:03:01|   2.3|  0.0|INFORM|CSV reader: Directive '_READ_SKIPPED_LINES' has the value 'No'
2026-03-12 08:03:01|   2.3|  0.0|INFORM|CSV reader: Directive '_ENCODING' has the value 'windows-1252'
2026-03-12 08:03:01|   2.3|  0.0|INFORM|CSV reader: Directive 'FME_NAMES_ENCODING' has the value 'UTF-8'
2026-03-12 08:03:01|   2.3|  0.0|INFORM|CSV reader: Directive '_SKIP_DUPLICATE_DELIMITERS' has the value 'No'
2026-03-12 08:03:01|   2.3|  0.0|INFORM|CSV reader: Directive '_FIELD_QUALIFIER_CHARACTER' has the value '"'
2026-03-12 08:03:01|   2.3|  0.0|INFORM|CSV reader: Directive '_FIELD_QUALIFIER_ESCAPE_CHARACTER' has the value '"'
2026-03-12 08:03:01|   2.3|  0.0|INFORM|CSV reader: Directive '_TRIM_FIELD_NAME_QUALIFIERS' has the value 'Yes'
2026-03-12 08:03:01|   2.3|  0.0|INFORM|CSV reader: Directive '_TRIM_FIELD_VALUE_QUALIFIERS' has the value 'Yes'
2026-03-12 08:03:01|   2.3|  0.0|INFORM|CSV reader: Directive '_PRESERVE_SOURCE_ENCODING' has the value 'No'
2026-03-12 08:03:01|   2.3|  0.0|INFORM|CSV reader: Directive '_CASE_SENSITIVE_FIELD_NAMES' has the value 'Yes'
2026-03-12 08:03:01|   2.3|  0.0|INFORM|CSV reader: Directive '_ENFORCE_STRICT_SCHEMA' has the value 'No'
2026-03-12 08:03:01|   2.3|  0.0|INFORM|CSV reader: Directive '_SCAN_TYPES' has the value 'Yes'
2026-03-12 08:03:01|   2.3|  0.0|INFORM|CSV reader: Directive '_TYPE_ATTRIBUTE_HANDLING' has the value 'STANDARD_TYPES'
2026-03-12 08:03:01|   2.3|  0.0|INFORM|CSV reader: Directive '_STRING_TYPE_ATTRIBUTE_HANDLING' has the value 'EXPLICIT_WIDTH'
2026-03-12 08:03:01|   2.3|  0.0|INFORM|CSV reader: Directive '_SCAN_ADDITIONAL_FIELDS' has the value 'No'
2026-03-12 08:03:01|   2.3|  0.0|INFORM|CSV reader: Directive '_DATE_INPUT_FORMAT' has the value 'ISO'
2026-03-12 08:03:01|   2.3|  0.0|INFORM|CSV reader: Directive '_CHUNK_SIZE' has the value '100000'
2026-03-12 08:03:01|   2.3|  0.0|INFORM|CSV reader: Directive '_TRIM_FIELD_NAME_WHITESPACE' has the value 'Yes'
2026-03-12 08:03:01|   2.3|  0.0|INFORM|CSV reader: Directive '_READ_EMPTY_VALUES_AS' has the value 'Null'
2026-03-12 08:03:01|   2.3|  0.0|INFORM|CSV reader: Directive '_REPLACE_ATTR_NAME_INVALID_CHARS' has the value 'No'
2026-03-12 08:03:01|   2.6|  0.3|WARN  |CSV reader: The string '          ' read on line '13' in file 'D:\260311_Grundstück SAP.txt' for field 'Hist.Gart.' is not a valid value for type 'UInt32'.  The value will be set to <null>.  This can occur if the value is in a record that is beyond the rows scanned for the schema generation.  In order to read the value correctly, recreate the source feature type and set a larger value for the 'Maximum Rows to Scan' option to scan additional rows for fields.  Alternatively, setting the attribute type to 'string' will allow all values to be read.  Further type conversion errors will not be logged for this attribute
2026-03-12 08:03:01|   2.6|  0.0|WARN  |CSV reader: The string '          ' read on line '809' in file 'D:\260311_Grundstück SAP.txt' for field 'Eigent.art' is not a valid value for type 'UInt32'.  The value will be set to <null>.  This can occur if the value is in a record that is beyond the rows scanned for the schema generation.  In order to read the value correctly, recreate the source feature type and set a larger value for the 'Maximum Rows to Scan' option to scan additional rows for fields.  Alternatively, setting the attribute type to 'string' will allow all values to be read.  Further type conversion errors will not be logged for this attribute
2026-03-12 08:03:01|   2.6|  0.0|WARN  |CSV reader: The string '      ' read on line '13' in file 'D:\260311_Grundstück SAP.txt' for field 'Gruppe' is not a valid value for type 'Real32'.  The value will be set to <null>.  This can occur if the value is in a record that is beyond the rows scanned for the schema generation.  In order to read the value correctly, recreate the source feature type and set a larger value for the 'Maximum Rows to Scan' option to scan additional rows for fields.  Alternatively, setting the attribute type to 'string' will allow all values to be read.  Further type conversion errors will not be logged for this attribute
2026-03-12 08:03:01|   2.6|  0.0|WARN  |CSV reader: The string '   ' read on line '31' in file 'D:\260311_Grundstück SAP.txt' for field 'TPF' is not a valid value for type 'UInt32'.  The value will be set to <null>.  This can occur if the value is in a record that is beyond the rows scanned for the schema generation.  In order to read the value correctly, recreate the source feature type and set a larger value for the 'Maximum Rows to Scan' option to scan additional rows for fields.  Alternatively, setting the attribute type to 'string' will allow all values to be read.  Further type conversion errors will not be logged for this attribute
2026-03-12 08:03:01|   2.8|  0.2|INFORM|AttributeTrimmer: Converting attribute 'Grundstk' from type 'UInt32' to 'String'.  If this conversion is undesired, consider changing the type explicitly
2026-03-12 08:03:01|   2.8|  0.0|INFORM|AttributeTrimmer: Converting attribute 'Hist.Gart.' from type 'UInt32' to 'String'.  If this conversion is undesired, consider changing the type explicitly
2026-03-12 08:03:01|   2.8|  0.0|INFORM|AttributeTrimmer: Converting attribute 'TPF' from type 'UInt32' to 'String'.  If this conversion is undesired, consider changing the type explicitly
2026-03-12 08:03:01|   2.8|  0.0|INFORM|AttributeTrimmer: Converting attribute 'BuKr' from type 'UInt32' to 'String'.  If this conversion is undesired, consider changing the type explicitly
2026-03-12 08:03:01|   2.8|  0.0|INFORM|AttributeTrimmer: Converting attribute 'Gruppe' from type 'Real32' to 'String'.  If this conversion is undesired, consider changing the type explicitly
2026-03-12 08:03:01|   2.8|  0.0|INFORM|AttributeTrimmer: Converting attribute 'Eigent.art' from type 'UInt32' to 'String'.  If this conversion is undesired, consider changing the type explicitly
2026-03-12 08:03:01|   2.8|  0.0|INFORM|AttributeTrimmer: Converting attribute 'WE' from type 'UInt32' to 'String'.  If this conversion is undesired, consider changing the type explicitly
2026-03-12 08:03:01|   3.0|  0.2|INFORM|AttributeCreator_OUTPUT Feature Recorder -1 2147614737 (RecorderFactory): Splitting bulk features into individual features
2026-03-12 08:03:02|   3.6|  0.6|INFORM|TestFilter_@Value(L/R) = CH  Feature Recorder -1 2147745797 (RecorderFactory): Splitting bulk features into individual features
2026-03-12 08:03:02|   3.7|  0.1|INFORM|TestFilter_<UNFILTERED> Feature Recorder -1 2147811333 (RecorderFactory): Splitting bulk features into individual features
2026-03-12 08:03:02|   3.9|  0.2|INFORM|TestFilter_@Value(L/R) = CH  Feature Recorder -1 2147745797 (RecorderFactory): Splitting bulk features into individual features
2026-03-12 08:03:02|   3.9|  0.0|INFORM|TestFilter_<UNFILTERED> Feature Recorder -1 2147811333 (RecorderFactory): Splitting bulk features into individual features
2026-03-12 08:03:02|   3.9|  0.0|INFORM|TestFilter_@Value(L/R) = CH  Feature Recorder -1 2147745797 (RecorderFactory): Splitting bulk features into individual features
2026-03-12 08:03:02|   4.0|  0.1|INFORM|TestFilter_<UNFILTERED> Feature Recorder -1 2147811333 (RecorderFactory): Splitting bulk features into individual features
2026-03-12 08:03:02|   4.0|  0.0|INFORM|TestFilter_@Value(L/R) = CH  Feature Recorder -1 2147745797 (RecorderFactory): Splitting bulk features into individual features
2026-03-12 08:03:02|   4.0|  0.0|INFORM|TestFilter_<UNFILTERED> Feature Recorder -1 2147811333 (RecorderFactory): Splitting bulk features into individual features
2026-03-12 08:03:02|   4.0|  0.0|INFORM|TestFilter_@Value(L/R) = CH  Feature Recorder -1 2147745797 (RecorderFactory): Splitting bulk features into individual features
2026-03-12 08:03:02|   4.0|  0.0|INFORM|TestFilter_<UNFILTERED> Feature Recorder -1 2147811333 (RecorderFactory): Splitting bulk features into individual features
2026-03-12 08:03:02|   4.0|  0.0|INFORM|TestFilter_@Value(L/R) = CH  Feature Recorder -1 2147745797 (RecorderFactory): Splitting bulk features into individual features
2026-03-12 08:03:02|   4.0|  0.0|INFORM|TestFilter_<UNFILTERED> Feature Recorder -1 2147811333 (RecorderFactory): Splitting bulk features into individual features
2026-03-12 08:03:02|   4.0|  0.0|INFORM|TestFilter_@Value(L/R) = CH  Feature Recorder -1 2147745797 (RecorderFactory): Splitting bulk features into individual features
2026-03-12 08:03:02|   4.0|  0.0|INFORM|TestFilter_<UNFILTERED> Feature Recorder -1 2147811333 (RecorderFactory): Splitting bulk features into individual features
2026-03-12 08:03:02|   4.0|  0.0|INFORM|TestFilter_@Value(L/R) = CH  Feature Recorder -1 2147745797 (RecorderFactory): Splitting bulk features into individual features
2026-03-12 08:03:02|   4.0|  0.0|INFORM|TestFilter_<UNFILTERED> Feature Recorder -1 2147811333 (RecorderFactory): Splitting bulk features into individual features
2026-03-12 08:03:02|   4.0|  0.0|INFORM|TestFilter_@Value(L/R) = CH  Feature Recorder -1 2147745797 (RecorderFactory): Splitting bulk features into individual features
2026-03-12 08:03:02|   4.1|  0.1|INFORM|TestFilter_<UNFILTERED> Feature Recorder -1 2147811333 (RecorderFactory): Splitting bulk features into individual features
2026-03-12 08:03:03|   4.1|  0.0|INFORM|TestFilter_@Value(L/R) = CH  Feature Recorder -1 2147745797 (RecorderFactory): Splitting bulk features into individual features
2026-03-12 08:03:03|   4.1|  0.0|INFORM|TestFilter_<UNFILTERED> Feature Recorder -1 2147811333 (RecorderFactory): Splitting bulk features into individual features
2026-03-12 08:03:03|   4.1|  0.0|INFORM|TestFilter (TestFactory): Splitting bulk features into individual features
2026-03-12 08:03:03|   4.4|  0.3|STATS |Creator_XML_Creator (CreationFactory): Created 1 features
2026-03-12 08:03:03|   4.4|  0.0|STATS |Creator_Cloner (TeeFactory): Cloned 1 input feature(s) into 1 output feature(s)
2026-03-12 08:03:03|   4.4|  0.0|STATS |Creator_CREATED Brancher -1 4 (BranchingFactory): Branched 1 input feature -- 1 feature routed to the target factory, and 0 features routed to the fallback factory.
2026-03-12 08:03:03|   4.4|  0.0|STATS |_CREATOR_BRANCH_TARGET (TeeFactory): Cloned 1 input feature(s) into 1 output feature(s)
2026-03-12 08:03:03|   4.4|  0.0|STATS |AttributeKeeper OUTPUT Splitter (TeeFactory): Cloned 2145 input feature(s) into 4290 output feature(s)
2026-03-12 08:03:03|   4.4|  0.0|STATS |TestFilter_INPUT (TeeFactory): Cloned 2145 input feature(s) into 2145 output feature(s)
2026-03-12 08:03:03|   4.4|  0.0|STATS |TestFilter (TestFactory): Tested 2145 input feature(s) -- 1830 feature(s) passed and 315 feature(s) failed
2026-03-12 08:03:03|   4.4|  0.0|INFORM|Optional `process_group' method not present; not called
2026-03-12 08:03:03|   4.4|  0.0|INFORM|[DEBUG] Table: resf, Geometry column: wkb_geometry
2026-03-12 08:03:03|   4.4|  0.0|INFORM|[DEBUG] Querying 1817 E-GRIDs
2026-03-12 08:03:29|  16.5| 12.1|INFORM|[DEBUG] Rows fetched: 1223
2026-03-12 08:03:29|  16.8|  0.3|INFORM|CS-MAP Reprojector: Transformation will be automatically selected for 'CH1903Plus_1.LV95/01' -> '_AZMEA_NEIGHBORHOOD_', and is not guaranteed to remain the same in future releases of FME
2026-03-12 08:03:29|  16.8|  0.0|INFORM|Reprojector: Using transformation `CH1903Plus_1_to_WGS84,Forward(Geocentric)' when reprojecting from CH1903Plus_1.LV95/01 to _AZMEA_NEIGHBORHOOD_
2026-03-12 08:03:31|  18.4|  1.6|INFORM|Creating reader for format: OGC GeoPackage
2026-03-12 08:03:31|  18.5|  0.1|INFORM|Trying to find a DYNAMIC plugin for reader named `OGCGEOPACKAGE'
2026-03-12 08:03:31|  18.6|  0.1|INFORM|FeatureReader_2 (QueryFactory): Performing query against OGCGEOPACKAGE dataset `D:\AV_lv95\av_2056.gpkg'
2026-03-12 08:03:31|  18.6|  0.0|INFORM|Creating reader for format: OGC GeoPackage
2026-03-12 08:03:31|  18.6|  0.0|INFORM|Trying to find a DYNAMIC plugin for reader named `OGCGEOPACKAGE'
2026-03-12 08:03:31|  18.6|  0.0|INFORM|OGCGEOPACKAGE reader: Directive '_EXPOSE_PRIMARY_KEY_ATTRIBUTE' has value 'YES'
2026-03-12 08:03:31|  18.6|  0.0|INFORM|OGCGEOPACKAGE reader: Directive '_ENFORCE_FOREIGN_KEY_INTEGRITY' has value 'YES'
2026-03-12 08:03:31|  18.6|  0.0|INFORM|OGCGEOPACKAGE reader: Opening file 'D:\AV_lv95\av_2056.gpkg'
2026-03-12 08:03:31|  18.6|  0.0|INFORM|The EPSG number of the FME coordinate system 'CH1903Plus_1.LV95/01' is '2056'
2026-03-12 08:03:31|  18.7|  0.1|INFORM|Merged 1 schema features read from 1 datasets into 1 resulting feature types
2026-03-12 08:03:31|  18.8|  0.1|INFORM|OGCGEOPACKAGE reader: Directive '_EXPOSE_PRIMARY_KEY_ATTRIBUTE' has value 'YES'
2026-03-12 08:03:31|  18.8|  0.0|INFORM|OGCGEOPACKAGE reader: Directive '_ENFORCE_FOREIGN_KEY_INTEGRITY' has value 'YES'
2026-03-12 08:03:31|  18.8|  0.0|INFORM|OGCGEOPACKAGE reader: Opening file 'D:\AV_lv95\av_2056.gpkg'
2026-03-12 08:03:31|  18.8|  0.0|INFORM|FME Configuration: Source coordinate system for reader R_2[OGCGEOPACKAGE] set to `CH1903Plus_1.LV95/01' as read from input data
2026-03-12 08:03:31|  18.8|  0.0|INFORM|Coordinate System `CH1903Plus_1.LV95/01' parameters: CS_NAME=`CH1903Plus_1.LV95/01' DESC_NM=`CH1903+ / LV95' DT_NAME=`CH1903Plus_1' EPSG_QD=`1' GROUP=`SWITZERLAND' MAP_SCL=`1' MAX_LAT=`48' MAX_LNG=`11.05' MIN_LAT=`45.63333333333333' MIN_LNG=`5.4' ORG_LAT=`46.95240555555556' ORG_LNG=`7.439583333333333' PROJ=`SWISS' QUAD=`1' SCL_RED=`1' SOURCE=`EPSG, V6.3, 2056 [Large and medium scale topographic mappi]' UNIT=`Meter' X_OFF=`2600000' Y_OFF=`1200000' ZERO_X=`0.0001' ZERO_Y=`0.0001'
2026-03-12 08:03:31|  18.8|  0.0|INFORM|FeatureReader_2_lcsf Feature Recorder -1 2147680263 (RecorderFactory): Splitting bulk features into individual features
2026-03-12 08:03:36|  20.6|  1.8|INFORM|... Last line repeated 72 times ...
2026-03-12 08:03:36|  20.6|  0.0|INFORM|FeatureReader_2 (QueryFactory): 73 input initiators processed
2026-03-12 08:03:36|  20.7|  0.1|INFORM|FeatureReader_2_lcsf Feature Recorder -1 2147680263 (RecorderFactory): Splitting bulk features into individual features
2026-03-12 08:03:41|  23.5|  2.8|INFORM|... Last line repeated 64 times ...
2026-03-12 08:03:41|  23.5|  0.0|INFORM|FeatureReader_2 (QueryFactory): 138 input initiators processed
2026-03-12 08:03:41|  23.5|  0.0|INFORM|FeatureReader_2_lcsf Feature Recorder -1 2147680263 (RecorderFactory): Splitting bulk features into individual features
2026-03-12 08:03:46|  26.2|  2.7|INFORM|... Last line repeated 45 times ...
2026-03-12 08:03:46|  26.2|  0.0|INFORM|FeatureReader_2 (QueryFactory): 184 input initiators processed
2026-03-12 08:03:46|  26.3|  0.1|INFORM|FeatureReader_2_lcsf Feature Recorder -1 2147680263 (RecorderFactory): Splitting bulk features into individual features
2026-03-12 08:03:51|  29.2|  2.9|INFORM|... Last line repeated 63 times ...
2026-03-12 08:03:51|  29.2|  0.0|INFORM|FeatureReader_2 (QueryFactory): 248 input initiators processed
2026-03-12 08:03:51|  29.2|  0.0|INFORM|FeatureReader_2_lcsf Feature Recorder -1 2147680263 (RecorderFactory): Splitting bulk features into individual features
2026-03-12 08:03:56|  31.9|  2.7|INFORM|... Last line repeated 63 times ...
2026-03-12 08:03:56|  31.9|  0.0|INFORM|Spatial Index: Adding 2804 features
2026-03-12 08:03:56|  32.3|  0.4|INFORM|... Last line repeated 3 times ...
2026-03-12 08:03:56|  32.3|  0.0|INFORM|FeatureReader_2 (QueryFactory): 313 input initiators processed
2026-03-12 08:03:56|  32.3|  0.0|INFORM|FeatureReader_2_lcsf Feature Recorder -1 2147680263 (RecorderFactory): Splitting bulk features into individual features
2026-03-12 08:04:01|  35.0|  2.7|INFORM|... Last line repeated 84 times ...
2026-03-12 08:04:01|  35.0|  0.0|INFORM|FeatureReader_2 (QueryFactory): 398 input initiators processed
2026-03-12 08:04:01|  35.1|  0.1|INFORM|FeatureReader_2_lcsf Feature Recorder -1 2147680263 (RecorderFactory): Splitting bulk features into individual features
2026-03-12 08:04:06|  37.8|  2.7|INFORM|... Last line repeated 82 times ...
2026-03-12 08:04:06|  37.8|  0.0|INFORM|FeatureReader_2 (QueryFactory): 481 input initiators processed
2026-03-12 08:04:06|  37.8|  0.0|INFORM|FeatureReader_2_lcsf Feature Recorder -1 2147680263 (RecorderFactory): Splitting bulk features into individual features
2026-03-12 08:04:11|  40.5|  2.7|INFORM|... Last line repeated 56 times ...
2026-03-12 08:04:11|  40.5|  0.0|INFORM|FeatureReader_2 (QueryFactory): 538 input initiators processed
2026-03-12 08:04:11|  40.5|  0.0|INFORM|FeatureReader_2_lcsf Feature Recorder -1 2147680263 (RecorderFactory): Splitting bulk features into individual features
2026-03-12 08:04:16|  42.8|  2.3|INFORM|... Last line repeated 73 times ...
2026-03-12 08:04:16|  42.8|  0.0|INFORM|FeatureReader_2 (QueryFactory): 612 input initiators processed
2026-03-12 08:04:16|  42.8|  0.0|INFORM|FeatureReader_2_lcsf Feature Recorder -1 2147680263 (RecorderFactory): Splitting bulk features into individual features
2026-03-12 08:04:21|  45.4|  2.6|INFORM|... Last line repeated 84 times ...
2026-03-12 08:04:21|  45.4|  0.0|INFORM|FeatureReader_2 (QueryFactory): 697 input initiators processed
2026-03-12 08:04:21|  45.4|  0.0|INFORM|FeatureReader_2_lcsf Feature Recorder -1 2147680263 (RecorderFactory): Splitting bulk features into individual features
2026-03-12 08:04:26|  48.3|  2.9|INFORM|... Last line repeated 62 times ...
2026-03-12 08:04:26|  48.3|  0.0|INFORM|FeatureReader_2 (QueryFactory): 760 input initiators processed
2026-03-12 08:04:26|  48.3|  0.0|INFORM|FeatureReader_2_lcsf Feature Recorder -1 2147680263 (RecorderFactory): Splitting bulk features into individual features
2026-03-12 08:04:31|  50.7|  2.4|INFORM|... Last line repeated 73 times ...
2026-03-12 08:04:31|  50.7|  0.0|INFORM|FeatureReader_2 (QueryFactory): 834 input initiators processed
2026-03-12 08:04:31|  50.7|  0.0|INFORM|FeatureReader_2_lcsf Feature Recorder -1 2147680263 (RecorderFactory): Splitting bulk features into individual features
2026-03-12 08:04:36|  53.4|  2.7|INFORM|... Last line repeated 74 times ...
2026-03-12 08:04:36|  53.4|  0.0|INFORM|FeatureReader_2 (QueryFactory): 909 input initiators processed
2026-03-12 08:04:36|  53.4|  0.0|INFORM|FeatureReader_2_lcsf Feature Recorder -1 2147680263 (RecorderFactory): Splitting bulk features into individual features
2026-03-12 08:04:41|  55.7|  2.3|INFORM|... Last line repeated 78 times ...
2026-03-12 08:04:41|  55.7|  0.0|INFORM|FeatureReader_2 (QueryFactory): 988 input initiators processed
2026-03-12 08:04:41|  55.8|  0.1|INFORM|FeatureReader_2_lcsf Feature Recorder -1 2147680263 (RecorderFactory): Splitting bulk features into individual features
2026-03-12 08:04:46|  58.5|  2.7|INFORM|... Last line repeated 72 times ...
2026-03-12 08:04:46|  58.5|  0.0|INFORM|FeatureReader_2 (QueryFactory): 1061 input initiators processed
2026-03-12 08:04:46|  58.5|  0.0|INFORM|FeatureReader_2_lcsf Feature Recorder -1 2147680263 (RecorderFactory): Splitting bulk features into individual features
2026-03-12 08:04:51|  61.3|  2.8|INFORM|... Last line repeated 43 times ...
2026-03-12 08:04:51|  61.3|  0.0|INFORM|FeatureReader_2 (QueryFactory): 1105 input initiators processed
2026-03-12 08:04:51|  61.3|  0.0|INFORM|FeatureReader_2_lcsf Feature Recorder -1 2147680263 (RecorderFactory): Splitting bulk features into individual features
2026-03-12 08:04:56|  64.3|  3.0|INFORM|... Last line repeated 81 times ...
2026-03-12 08:04:56|  64.3|  0.0|INFORM|FeatureReader_2 (QueryFactory): 1187 input initiators processed
2026-03-12 08:04:56|  64.3|  0.0|INFORM|FeatureReader_2_lcsf Feature Recorder -1 2147680263 (RecorderFactory): Splitting bulk features into individual features
2026-03-12 08:04:59|  65.6|  1.3|INFORM|... Last line repeated 35 times ...
2026-03-12 08:04:59|  65.6|  0.0|STATS |CoordinateSystemSetter (TeeFactory): Cloned 1223 input feature(s) into 1223 output feature(s)
2026-03-12 08:04:59|  65.6|  0.0|STATS |GeographicAreaCalculator Input Input Collector (TeeFactory): Cloned 1223 input feature(s) into 1223 output feature(s)
2026-03-12 08:04:59|  65.6|  0.0|STATS |GeographicAreaCalculator_Input1687196080 Input Splitter (TeeFactory): Cloned 1223 input feature(s) into 1223 output feature(s)
2026-03-12 08:04:59|  65.6|  0.0|STATS |GeographicAreaCalculator_GeometryExtractor (TeeFactory): Cloned 1223 input feature(s) into 1223 output feature(s)
2026-03-12 08:04:59|  65.6|  0.0|STATS |GeographicAreaCalculator_GeometryExtractor_Rejector (TestFactory): Tested 1223 input feature(s) -- 0 feature(s) passed and 1223 feature(s) failed
2026-03-12 08:04:59|  65.6|  0.0|STATS |GeographicAreaCalculator_CoordinateSystemFetcher (TeeFactory): Cloned 1223 input feature(s) into 1223 output feature(s)
2026-03-12 08:04:59|  65.6|  0.0|STATS |GeographicAreaCalculator_Tester (TestFactory): Tested 1223 input feature(s) -- 1223 feature(s) passed and 0 feature(s) failed
2026-03-12 08:04:59|  65.6|  0.0|STATS |GeographicAreaCalculator_Reprojector (TeeFactory): Cloned 1223 input feature(s) into 1223 output feature(s)
2026-03-12 08:04:59|  65.6|  0.0|STATS |GeographicAreaCalculator_AreaCalculator_AreaCalculatorInput (TeeFactory): Cloned 1223 input feature(s) into 1223 output feature(s)
2026-03-12 08:04:59|  65.6|  0.0|STATS |GeographicAreaCalculator_AreaCalculator_AreaCalculator (TeeFactory): Cloned 1223 input feature(s) into 1223 output feature(s)
2026-03-12 08:04:59|  65.6|  0.0|STATS |GeographicAreaCalculator_AreaCalculator_Rejector (TestFactory): Tested 1223 input feature(s) -- 0 feature(s) passed and 1223 feature(s) failed
2026-03-12 08:04:59|  65.6|  0.0|STATS |GeographicAreaCalculator_GeometryReplacer (TeeFactory): Cloned 1223 input feature(s) into 1223 output feature(s)
2026-03-12 08:04:59|  65.6|  0.0|STATS |GeographicAreaCalculator_GeometryReplacer_Rejector (TestFactory): Tested 1223 input feature(s) -- 0 feature(s) passed and 1223 feature(s) failed
2026-03-12 08:04:59|  65.6|  0.0|STATS |GeographicAreaCalculator_CoordinateSystemSetter (TeeFactory): Cloned 1223 input feature(s) into 1223 output feature(s)
2026-03-12 08:04:59|  65.6|  0.0|STATS |GeographicAreaCalculator_AttributeRemover (TeeFactory): Cloned 1223 input feature(s) into 1223 output feature(s)
2026-03-12 08:04:59|  65.6|  0.0|STATS |GeographicAreaCalculator_GeometryReplacer_2 (TeeFactory): Cloned 0 input feature(s) into 0 output feature(s)
2026-03-12 08:04:59|  65.6|  0.0|STATS |GeographicAreaCalculator_GeometryReplacer_2_Rejector (TestFactory): Tested 0 input feature(s) -- 0 feature(s) passed and 0 feature(s) failed
2026-03-12 08:04:59|  65.6|  0.0|STATS |GeographicAreaCalculator_Output1687196080 Output Collector (TeeFactory): Cloned 1223 input feature(s) into 1223 output feature(s)
2026-03-12 08:04:59|  65.6|  0.0|STATS |GeographicAreaCalculator_<Rejected>1687196080 Output Collector (TeeFactory): Cloned 0 input feature(s) into 0 output feature(s)
2026-03-12 08:04:59|  65.6|  0.0|STATS |GeographicAreaCalculator Output Output Renamer/Nuker (TeeFactory): Cloned 1223 input feature(s) into 1223 output feature(s)
2026-03-12 08:04:59|  65.6|  0.0|STATS |GeographicAreaCalculator <Rejected> Output Renamer/Nuker (TeeFactory): Cloned 0 input feature(s) into 0 output feature(s)
2026-03-12 08:04:59|  65.6|  0.0|STATS |GeographicAreaCalculator Output Splitter (TeeFactory): Cloned 1223 input feature(s) into 2446 output feature(s)
2026-03-12 08:04:59|  65.6|  0.0|STATS |BulkAttributeRenamer (TeeFactory): Cloned 1223 input feature(s) into 1223 output feature(s)
2026-03-12 08:04:59|  65.6|  0.0|STATS |BulkAttributeRenamer OUTPUT Splitter (TeeFactory): Cloned 1223 input feature(s) into 2446 output feature(s)
2026-03-12 08:04:59|  65.6|  0.0|STATS |BulkAttributeRenamer_2 (TeeFactory): Cloned 55033 input feature(s) into 55033 output feature(s)
2026-03-12 08:04:59|  65.6|  0.0|INFORM|Clipper (ClipperFactory): Clipping.  Processed 1 candidates so far.
2026-03-12 08:04:59|  65.6|  0.0|INFORM|Clipper (ClipperFactory): Clipping with an automatic tolerance of 5.143249849999999e-9
2026-03-12 08:04:59|  65.7|  0.1|INFORM|Clipper (ClipperFactory): Clipping with an automatic tolerance of 5.142719656000009e-9
2026-03-12 08:04:59|  65.8|  0.1|INFORM|Clipper (ClipperFactory): Clipping with an automatic tolerance of 5.142719656000009e-9
2026-03-12 08:04:59|  65.8|  0.0|INFORM|Dissolver (PolygonDissolveFactory): Group 1 / 1: Continuing to process geometric dissolving tasks.  At number: 1
2026-03-12 08:04:59|  65.8|  0.0|INFORM|Clipper (ClipperFactory): Clipping with an automatic tolerance of 5.142719656000009e-9
2026-03-12 08:04:59|  65.8|  0.0|INFORM|Clipper (ClipperFactory): Clipping with an automatic tolerance of 5.1428029499999985e-9
2026-03-12 08:05:04|  69.6|  3.8|INFORM|Clipper (ClipperFactory): Clipping.  Processed 5556 candidates so far.
2026-03-12 08:05:09|  73.9|  4.3|INFORM|Clipper (ClipperFactory): Clipping.  Processed 6250 candidates so far.
2026-03-12 08:05:14|  78.1|  4.2|INFORM|Clipper (ClipperFactory): Clipping.  Processed 6666 candidates so far.
2026-03-12 08:05:19|  82.1|  4.0|INFORM|Clipper (ClipperFactory): Clipping.  Processed 7454 candidates so far.
2026-03-12 08:05:24|  86.4|  4.3|INFORM|Clipper (ClipperFactory): Clipping.  Processed 7931 candidates so far.
2026-03-12 08:05:29|  90.8|  4.4|INFORM|Clipper (ClipperFactory): Clipping.  Processed 9028 candidates so far.
2026-03-12 08:05:34|  94.5|  3.7|INFORM|Clipper_INSIDE Feature Recorder -1 2147614753 (RecorderFactory): Splitting bulk features into individual features
2026-03-12 08:05:34|  94.8|  0.3|INFORM|Clipper_OUTSIDE Feature Recorder -1 2147680289 (RecorderFactory): Splitting bulk features into individual features
2026-03-12 08:05:34|  95.0|  0.2|INFORM|Clipper (ClipperFactory): Clipping.  Processed 17060 candidates so far.
2026-03-12 08:05:39|  99.3|  4.3|INFORM|Clipper (ClipperFactory): Clipping.  Processed 21519 candidates so far.
2026-03-12 08:05:44| 103.5|  4.2|INFORM|Clipper (ClipperFactory): Clipping.  Processed 27634 candidates so far.
2026-03-12 08:05:49| 107.9|  4.4|INFORM|Clipper (ClipperFactory): Clipping.  Processed 38865 candidates so far.
2026-03-12 08:05:54| 112.3|  4.4|INFORM|Clipper (ClipperFactory): Clipping.  Processed 45296 candidates so far.
2026-03-12 08:05:59| 116.8|  4.5|INFORM|Clipper (ClipperFactory): Clipping.  Processed 50851 candidates so far.
2026-03-12 08:06:04| 120.3|  3.5|INFORM|Clipper (ClipperFactory): Clipped 26569 additional times with automatic tolerances between 4.972482230000011e-9 and 5.66441608200001e-9
2026-03-12 08:06:04| 120.3|  0.0|STATS |Deaggregator (DeaggregateFactory): Split 25391 input feature(s) into 0 point-in-polygon feature(s), 1844 donut polygon(s), 35683 polygon(s), 0 line(s), 0 point(s), and 3 aggregate(s)
2026-03-12 08:06:04| 120.3|  0.0|STATS |Deaggregator (DeaggregateFactory): 21614 non-aggregate input features were routed through the factory
2026-03-12 08:06:04| 120.3|  0.0|INFORM|Dissolver (PolygonDissolveFactory): Group 1 / 15160: Dissolving with an automatic tolerance of 5.142608856000012e-9
2026-03-12 08:06:04| 120.3|  0.0|INFORM|Dissolver_REMNANTS Feature Recorder -1 2147680327 (RecorderFactory): Splitting bulk features into individual features
2026-03-12 08:06:04| 120.3|  0.0|INFORM|Dissolver (PolygonDissolveFactory): Group 1 / 15160: PolygonDissolveFactory: Continuing to restore attributes. 100% complete
2026-03-12 08:06:04| 120.4|  0.1|INFORM|Creating writer for format: 
2026-03-12 08:06:04| 120.4|  0.0|INFORM|Using MultiWriter with keyword `FeatureWriter_2' to output data (ID_ATTRIBUTE is `multi_writer_id')
2026-03-12 08:06:04| 120.4|  0.0|INFORM|Creating writer for format: GeoJSON (Geographic JavaScript Object Notation)
2026-03-12 08:06:04| 120.5|  0.1|INFORM|Trying to find a DYNAMIC plugin for writer named `GEOJSON'
2026-03-12 08:06:04| 120.5|  0.0|INFORM|FME Configuration: No destination coordinate system set
2026-03-12 08:06:04| 120.5|  0.0|INFORM|Writer `FeatureWriter_2_0' of type `GEOJSON' using group definition keyword `FeatureWriter_2_0_DEF'
2026-03-12 08:06:04| 120.6|  0.1|INFORM|GeoJSON Writer: All features not in WGS84 will be reprojected to WGS84
2026-03-12 08:06:04| 120.6|  0.0|INFORM|GEOJSON Writer: Opening the GEOJSON writer with destination dataset 'D:\260311_Bodenabdeckung.xlsx'
2026-03-12 08:06:04| 120.6|  0.0|INFORM|FME Configuration: Destination coordinate system set to input coordinate system `CH1903Plus_1.LV95/01'
2026-03-12 08:06:04| 120.6|  0.0|INFORM|CS-MAP Reprojector: Transformation will be automatically selected for 'CH1903Plus_1.LV95/01' -> 'LL84', and is not guaranteed to remain the same in future releases of FME
2026-03-12 08:06:04| 120.6|  0.0|INFORM|Reprojector: Using transformation `CH1903Plus_1_to_WGS84,Forward(Geocentric)' when reprojecting from CH1903Plus_1.LV95/01 to LL84
2026-03-12 08:06:04| 120.6|  0.0|INFORM|Creating writer for format: 
2026-03-12 08:06:04| 120.6|  0.0|INFORM|Using MultiWriter with keyword `FeatureWriter_3' to output data (ID_ATTRIBUTE is `multi_writer_id')
2026-03-12 08:06:04| 120.8|  0.2|INFORM|Creating writer for format: Microsoft Excel
2026-03-12 08:06:04| 120.8|  0.0|INFORM|Trying to find a DYNAMIC plugin for writer named `XLSXW'
2026-03-12 08:06:04| 120.8|  0.0|INFORM|FME Configuration: No destination coordinate system set
2026-03-12 08:06:04| 120.8|  0.0|INFORM|Writer `FeatureWriter_3_0' of type `XLSXW' using group definition keyword `FeatureWriter_3_0_DEF'
2026-03-12 08:06:04| 120.8|  0.0|INFORM|Excel Writer: Use Attribute Names As Column Positions is set to 'no' for sheet 'Land Cover' in dataset 'D:\Bodenabdeckung.xlsx' 
2026-03-12 08:06:05| 120.8|  0.0|INFORM|Excel Writer: Opening dataset 'D:\Bodenabdeckung.xlsx'...
2026-03-12 08:06:08| 124.0|  3.2|INFORM|Excel Writer: Reading existing workbook formatting. Workbook contains 1 fonts and 1 cell formats
2026-03-12 08:06:08| 124.0|  0.0|INFORM|Excel Writer: Dropping sheet 'Land Cover'
2026-03-12 08:06:08| 124.1|  0.1|INFORM|Excel Writer: Sheet 'Land Cover' has writer mode 'INSERT'
2026-03-12 08:06:08| 124.1|  0.0|INFORM|Excel Writer: Sheet 'Land Cover' has Output field names set to 'yes'
2026-03-12 08:06:08| 124.1|  0.0|INFORM|Excel Writer: Sheet 'Land Cover' will start writing to row '1' and column 'A' relative to its start location. Sheets have a starting location of row 1, column 1, named range starting locations can be specified
2026-03-12 08:06:08| 124.1|  0.0|INFORM|Excel Writer: Outputting field names for sheet 'Land Cover'
2026-03-12 08:06:08| 124.1|  0.0|INFORM|Dissolver (PolygonDissolveFactory): Group 2 / 15160: Continuing to process geometric dissolving tasks.  At number: 3
2026-03-12 08:06:08| 124.1|  0.0|INFORM|Dissolver (PolygonDissolveFactory): Group 2 / 15160: Dissolving with an automatic tolerance of 5.469770126833309e-9
2026-03-12 08:06:08| 124.1|  0.0|INFORM|Dissolver (PolygonDissolveFactory): Group 3 / 15160: Dissolving with an automatic tolerance of 5.0022727580000045e-9
2026-03-12 08:06:08| 124.1|  0.0|INFORM|Dissolver (PolygonDissolveFactory): Group 4 / 15160: Dissolving with an automatic tolerance of 5.102577608000001e-9
2026-03-12 08:06:08| 124.1|  0.0|INFORM|Dissolver (PolygonDissolveFactory): Group 5 / 15160: Dissolving with an automatic tolerance of 5.218877011999992e-9
2026-03-12 08:06:08| 124.1|  0.0|INFORM|Dissolver_REMNANTS Feature Recorder -1 2147680327 (RecorderFactory): Splitting bulk features into individual features
2026-03-12 08:06:09| 124.9|  0.8|INFORM|... Last line repeated 100 times ...
2026-03-12 08:06:09| 124.9|  0.0|INFORM|Dissolver (PolygonDissolveFactory): Finished processing group 500 / 15160
2026-03-12 08:06:09| 124.9|  0.0|INFORM|Dissolver_REMNANTS Feature Recorder -1 2147680327 (RecorderFactory): Splitting bulk features into individual features
2026-03-12 08:06:13| 128.4|  3.5|INFORM|... Last line repeated 364 times ...
2026-03-12 08:06:13| 128.4|  0.0|INFORM|Dissolver (PolygonDissolveFactory): Group 2153 / 15160: Continuing to process geometric dissolving tasks.  At number: 5114
2026-03-12 08:06:13| 128.4|  0.0|INFORM|Dissolver_REMNANTS Feature Recorder -1 2147680327 (RecorderFactory): Splitting bulk features into individual features
2026-03-12 08:06:14| 129.3|  0.9|INFORM|... Last line repeated 55 times ...
2026-03-12 08:06:14| 129.3|  0.0|INFORM|Dissolver (PolygonDissolveFactory): Finished processing group 2500 / 15160
2026-03-12 08:06:14| 129.3|  0.0|INFORM|Dissolver_REMNANTS Feature Recorder -1 2147680327 (RecorderFactory): Splitting bulk features into individual features
2026-03-12 08:06:18| 132.9|  3.6|INFORM|... Last line repeated 235 times ...
2026-03-12 08:06:18| 132.9|  0.0|INFORM|Dissolver (PolygonDissolveFactory): Group 3617 / 15160: Continuing to process geometric dissolving tasks.  At number: 8039
2026-03-12 08:06:18| 133.0|  0.1|INFORM|Dissolver_REMNANTS Feature Recorder -1 2147680327 (RecorderFactory): Splitting bulk features into individual features
2026-03-12 08:06:20| 134.3|  1.3|INFORM|... Last line repeated 96 times ...
2026-03-12 08:06:20| 134.3|  0.0|INFORM|Dissolver (PolygonDissolveFactory): Finished processing group 4000 / 15160
2026-03-12 08:06:20| 134.3|  0.0|INFORM|Dissolver_REMNANTS Feature Recorder -1 2147680327 (RecorderFactory): Splitting bulk features into individual features
2026-03-12 08:06:23| 137.5|  3.2|INFORM|... Last line repeated 280 times ...
2026-03-12 08:06:23| 137.5|  0.0|INFORM|Dissolver (PolygonDissolveFactory): Group 5262 / 15160: Continuing to process geometric dissolving tasks.  At number: 12272
2026-03-12 08:06:23| 137.5|  0.0|INFORM|Dissolver_REMNANTS Feature Recorder -1 2147680327 (RecorderFactory): Splitting bulk features into individual features
2026-03-12 08:06:26| 139.8|  2.3|INFORM|... Last line repeated 265 times ...
2026-03-12 08:06:26| 139.8|  0.0|INFORM|Dissolver (PolygonDissolveFactory): Finished processing group 6500 / 15160
2026-03-12 08:06:26| 139.8|  0.0|INFORM|Dissolver_REMNANTS Feature Recorder -1 2147680327 (RecorderFactory): Splitting bulk features into individual features
2026-03-12 08:06:29| 142.8|  3.0|INFORM|... Last line repeated 247 times ...
2026-03-12 08:06:29| 142.8|  0.0|INFORM|FFS writer: Writing 2655 feature(s) to file 'C:\Users\DAVIDR~1\AppData\Local\Temp\wb-cache-Parcels FME-OEmJdL\Main_Dissolver -1 71 fo 1 REMNANTS  0  e41e6e1cd9d5c912df009827af2490ce5c8f4c31.fts'
2026-03-12 08:06:29| 142.8|  0.0|INFORM|Spatial Index: Adding 2655 features
2026-03-12 08:06:29| 142.9|  0.1|INFORM|Dissolver (PolygonDissolveFactory): Group 7675 / 15160: Continuing to process geometric dissolving tasks.  At number: 19349
2026-03-12 08:06:29| 142.9|  0.0|INFORM|Dissolver_REMNANTS Feature Recorder -1 2147680327 (RecorderFactory): Splitting bulk features into individual features
2026-03-12 08:06:32| 145.6|  2.7|INFORM|... Last line repeated 280 times ...
2026-03-12 08:06:32| 145.6|  0.0|INFORM|Dissolver (PolygonDissolveFactory): Finished processing group 9000 / 15160
2026-03-12 08:06:32| 145.6|  0.0|INFORM|Dissolver_REMNANTS Feature Recorder -1 2147680327 (RecorderFactory): Splitting bulk features into individual features
2026-03-12 08:06:34| 147.7|  2.1|INFORM|... Last line repeated 234 times ...
2026-03-12 08:06:34| 147.7|  0.0|INFORM|Dissolver (PolygonDissolveFactory): Group 10039 / 15160: Continuing to process geometric dissolving tasks.  At number: 24675
2026-03-12 08:06:34| 147.7|  0.0|INFORM|Dissolver_REMNANTS Feature Recorder -1 2147680327 (RecorderFactory): Splitting bulk features into individual features
2026-03-12 08:06:37| 150.5|  2.8|INFORM|... Last line repeated 297 times ...
2026-03-12 08:06:37| 150.5|  0.0|INFORM|Dissolver (PolygonDissolveFactory): Finished processing group 11500 / 15160
2026-03-12 08:06:37| 150.5|  0.0|INFORM|Dissolver_REMNANTS Feature Recorder -1 2147680327 (RecorderFactory): Splitting bulk features into individual features
2026-03-12 08:06:39| 152.3|  1.8|INFORM|... Last line repeated 192 times ...
2026-03-12 08:06:39| 152.3|  0.0|INFORM|Dissolver (PolygonDissolveFactory): Group 12377 / 15160: Continuing to process geometric dissolving tasks.  At number: 29570
2026-03-12 08:06:39| 152.3|  0.0|INFORM|Dissolver_REMNANTS Feature Recorder -1 2147680327 (RecorderFactory): Splitting bulk features into individual features
2026-03-12 08:06:40| 152.9|  0.6|INFORM|... Last line repeated 43 times ...
2026-03-12 08:06:40| 152.9|  0.0|INFORM|FFS writer: Writing 2211 feature(s) to file 'C:\Users\DAVIDR~1\AppData\Local\Temp\wb-cache-Parcels FME-OEmJdL\Main_Dissolver -1 71 fo 1 REMNANTS  0  e41e6e1cd9d5c912df009827af2490ce5c8f4c31_1.fts'
2026-03-12 08:06:40| 153.0|  0.1|INFORM|Spatial Index: Adding 2211 features
2026-03-12 08:06:40| 153.0|  0.0|INFORM|Dissolver_REMNANTS Feature Recorder -1 2147680327 (RecorderFactory): Splitting bulk features into individual features
2026-03-12 08:06:42| 155.1|  2.1|INFORM|... Last line repeated 174 times ...
2026-03-12 08:06:42| 155.1|  0.0|INFORM|Dissolver (PolygonDissolveFactory): Finished processing group 13500 / 15160
2026-03-12 08:06:42| 155.2|  0.1|INFORM|Dissolver_REMNANTS Feature Recorder -1 2147680327 (RecorderFactory): Splitting bulk features into individual features
2026-03-12 08:06:44| 156.5|  1.3|INFORM|... Last line repeated 88 times ...
2026-03-12 08:06:44| 156.5|  0.0|INFORM|Dissolver (PolygonDissolveFactory): Group 13926 / 15160: Continuing to process geometric dissolving tasks.  At number: 34712
2026-03-12 08:06:44| 156.5|  0.0|INFORM|Dissolver_REMNANTS Feature Recorder -1 2147680327 (RecorderFactory): Splitting bulk features into individual features
2026-03-12 08:06:48| 159.9|  3.4|INFORM|... Last line repeated 242 times ...
2026-03-12 08:06:48| 159.9|  0.0|INFORM|Dissolver (PolygonDissolveFactory): Finished processing group 15000 / 15160
2026-03-12 08:06:48| 159.9|  0.0|INFORM|Dissolver_REMNANTS Feature Recorder -1 2147680327 (RecorderFactory): Splitting bulk features into individual features
2026-03-12 08:06:48| 160.4|  0.5|INFORM|... Last line repeated 36 times ...
2026-03-12 08:06:48| 160.4|  0.0|INFORM|Dissolver (PolygonDissolveFactory): Finished processing group 15160 / 15160
2026-03-12 08:06:48| 160.4|  0.0|INFORM|Dissolver_REMNANTS Feature Recorder -1 2147680327 (RecorderFactory): Splitting bulk features into individual features
2026-03-12 08:06:48| 160.4|  0.0|INFORM|Dissolver (PolygonDissolveFactory): Dissolved 15155 additional times with automatic tolerances between 4.972419922173133e-9 and 5.662383132000003e-9
2026-03-12 08:06:48| 160.4|  0.0|STATS |Dissolver AREA Splitter (TeeFactory): Cloned 19903 input feature(s) into 39806 output feature(s)
2026-03-12 08:06:48| 160.4|  0.0|STATS |GeographicAreaCalculator_2 Input Input Collector (TeeFactory): Cloned 19903 input feature(s) into 19903 output feature(s)
2026-03-12 08:06:48| 160.4|  0.0|STATS |GeographicAreaCalculator_2_Input1687196080 Input Splitter (TeeFactory): Cloned 19903 input feature(s) into 19903 output feature(s)
2026-03-12 08:06:48| 160.4|  0.0|STATS |GeographicAreaCalculator_2_GeometryExtractor (TeeFactory): Cloned 19903 input feature(s) into 19903 output feature(s)
2026-03-12 08:06:48| 160.4|  0.0|STATS |GeographicAreaCalculator_2_GeometryExtractor_Rejector (TestFactory): Tested 19903 input feature(s) -- 0 feature(s) passed and 19903 feature(s) failed
2026-03-12 08:06:48| 160.4|  0.0|STATS |GeographicAreaCalculator_2_CoordinateSystemFetcher (TeeFactory): Cloned 19903 input feature(s) into 19903 output feature(s)
2026-03-12 08:06:48| 160.4|  0.0|STATS |GeographicAreaCalculator_2_Tester (TestFactory): Tested 19903 input feature(s) -- 19903 feature(s) passed and 0 feature(s) failed
2026-03-12 08:06:48| 160.4|  0.0|STATS |GeographicAreaCalculator_2_Reprojector (TeeFactory): Cloned 19903 input feature(s) into 19903 output feature(s)
2026-03-12 08:06:48| 160.4|  0.0|STATS |GeographicAreaCalculator_2_AreaCalculator_AreaCalculatorInput (TeeFactory): Cloned 19903 input feature(s) into 19903 output feature(s)
2026-03-12 08:06:48| 160.4|  0.0|STATS |GeographicAreaCalculator_2_AreaCalculator_AreaCalculator (TeeFactory): Cloned 19903 input feature(s) into 19903 output feature(s)
2026-03-12 08:06:48| 160.4|  0.0|STATS |GeographicAreaCalculator_2_AreaCalculator_Rejector (TestFactory): Tested 19903 input feature(s) -- 0 feature(s) passed and 19903 feature(s) failed
2026-03-12 08:06:48| 160.4|  0.0|STATS |GeographicAreaCalculator_2_GeometryReplacer (TeeFactory): Cloned 19903 input feature(s) into 19903 output feature(s)
2026-03-12 08:06:48| 160.4|  0.0|STATS |GeographicAreaCalculator_2_GeometryReplacer_Rejector (TestFactory): Tested 19903 input feature(s) -- 0 feature(s) passed and 19903 feature(s) failed
2026-03-12 08:06:48| 160.4|  0.0|STATS |GeographicAreaCalculator_2_CoordinateSystemSetter (TeeFactory): Cloned 19903 input feature(s) into 19903 output feature(s)
2026-03-12 08:06:48| 160.4|  0.0|STATS |GeographicAreaCalculator_2_AttributeRemover (TeeFactory): Cloned 19903 input feature(s) into 19903 output feature(s)
2026-03-12 08:06:48| 160.4|  0.0|STATS |GeographicAreaCalculator_2_GeometryReplacer_2 (TeeFactory): Cloned 0 input feature(s) into 0 output feature(s)
2026-03-12 08:06:48| 160.4|  0.0|STATS |GeographicAreaCalculator_2_GeometryReplacer_2_Rejector (TestFactory): Tested 0 input feature(s) -- 0 feature(s) passed and 0 feature(s) failed
2026-03-12 08:06:48| 160.4|  0.0|STATS |GeographicAreaCalculator_2_Output1687196080 Output Collector (TeeFactory): Cloned 19903 input feature(s) into 19903 output feature(s)
2026-03-12 08:06:48| 160.4|  0.0|STATS |GeographicAreaCalculator_2_<Rejected>1687196080 Output Collector (TeeFactory): Cloned 0 input feature(s) into 0 output feature(s)
2026-03-12 08:06:48| 160.4|  0.0|STATS |GeographicAreaCalculator_2 Output Output Renamer/Nuker (TeeFactory): Cloned 19903 input feature(s) into 19903 output feature(s)
2026-03-12 08:06:48| 160.4|  0.0|STATS |GeographicAreaCalculator_2 <Rejected> Output Renamer/Nuker (TeeFactory): Cloned 0 input feature(s) into 0 output feature(s)
2026-03-12 08:06:48| 160.4|  0.0|STATS |GeographicAreaCalculator_2 Output Splitter (TeeFactory): Cloned 19903 input feature(s) into 39806 output feature(s)
2026-03-12 08:06:48| 160.4|  0.0|INFORM|Excel Writer: Saving changes to dataset 'D:\Bodenabdeckung.xlsx'
2026-03-12 08:06:48| 160.4|  0.0|INFORM|Excel Writer: Workbook contains 1 fonts and 1 cell formats after writing
2026-03-12 08:06:56| 166.8|  6.4|INFORM|Excel Writer: Closing dataset 'D:\Bodenabdeckung.xlsx'...
2026-03-12 08:06:56| 166.8|  0.0|INFORM|=-=-=-=-=-=-=-=-=-=-=-=-=-=-=-=-=-=-=-=-=-=-=-=-=-=-=-=-=-=-=-=-=-=-=-=-=-=-=-
2026-03-12 08:06:56| 166.8|  0.0|INFORM|Feature output statistics for `XLSXW' writer using keyword `FeatureWriter_3_0':
2026-03-12 08:06:56| 166.8|  0.0|STATS |=-=-=-=-=-=-=-=-=-=-=-=-=-=-=-=-=-=-=-=-=-=-=-=-=-=-=-=-=-=-=-=-=-=-=-=-=-=-=-
2026-03-12 08:06:56| 166.8|  0.0|STATS |                               Features Written
2026-03-12 08:06:56| 166.8|  0.0|STATS |=-=-=-=-=-=-=-=-=-=-=-=-=-=-=-=-=-=-=-=-=-=-=-=-=-=-=-=-=-=-=-=-=-=-=-=-=-=-=-
2026-03-12 08:06:56| 166.8|  0.0|STATS |Land Cover                                                               19903
2026-03-12 08:06:56| 166.8|  0.0|STATS |==============================================================================
2026-03-12 08:06:56| 166.8|  0.0|STATS |Total Features Written                                                   19903
2026-03-12 08:06:56| 166.8|  0.0|STATS |=-=-=-=-=-=-=-=-=-=-=-=-=-=-=-=-=-=-=-=-=-=-=-=-=-=-=-=-=-=-=-=-=-=-=-=-=-=-=-
2026-03-12 08:06:56| 166.9|  0.1|STATS |PythonCaller_2 (Disabled) Nuker (TeeFactory): Cloned 19903 input feature(s) into 0 output feature(s)
2026-03-12 08:06:56| 166.9|  0.0|STATS |AttributeExposer (TeeFactory): Cloned 0 input feature(s) into 0 output feature(s)
2026-03-12 08:06:56| 167.1|  0.2|INFORM|FFS writer: Writing 2145 feature(s) to file 'C:\Users\DAVIDR~1\AppData\Local\Temp\wb-cache-Parcels FME-OEmJdL\Main_FeatureJoiner -1 45 fo 0 JOINED  0  9e24f75431c9624cd64a5175d4c43e6bbfb34923.fts'
2026-03-12 08:06:56| 167.3|  0.2|INFORM|Creating writer for format: 
2026-03-12 08:06:57| 167.3|  0.0|INFORM|Using MultiWriter with keyword `FeatureWriter' to output data (ID_ATTRIBUTE is `multi_writer_id')
2026-03-12 08:06:57| 167.3|  0.0|INFORM|Creating writer for format: Microsoft Excel
2026-03-12 08:06:57| 167.3|  0.0|INFORM|Trying to find a DYNAMIC plugin for writer named `XLSXW'
2026-03-12 08:06:57| 167.3|  0.0|INFORM|FME Configuration: No destination coordinate system set
2026-03-12 08:06:57| 167.3|  0.0|INFORM|Writer `FeatureWriter_0' of type `XLSXW' using group definition keyword `FeatureWriter_0_DEF'
2026-03-12 08:06:57| 167.3|  0.0|INFORM|Excel Writer: Use Attribute Names As Column Positions is set to 'no' for sheet 'Parcel' in dataset 'D:\Bodenabdeckung.xlsx' 
2026-03-12 08:06:57| 167.3|  0.0|INFORM|XLSXW writer: Splitting bulk features into individual features
2026-03-12 08:06:57| 167.3|  0.0|INFORM|Excel Writer: Opening dataset 'D:\Bodenabdeckung.xlsx'...
2026-03-12 08:07:01| 171.6|  4.3|INFORM|Excel Writer: Reading existing workbook formatting. Workbook contains 1 fonts and 1 cell formats
2026-03-12 08:07:01| 171.6|  0.0|INFORM|Excel Writer: Dropping sheet 'Parcel'
2026-03-12 08:07:01| 171.6|  0.0|INFORM|Excel Writer: Sheet 'Parcel' has writer mode 'INSERT'
2026-03-12 08:07:01| 171.6|  0.0|INFORM|Excel Writer: Sheet 'Parcel' has Output field names set to 'yes'
2026-03-12 08:07:01| 171.6|  0.0|INFORM|Excel Writer: Sheet 'Parcel' will start writing to row '1' and column 'A' relative to its start location. Sheets have a starting location of row 1, column 1, named range starting locations can be specified
2026-03-12 08:07:01| 171.6|  0.0|INFORM|Excel Writer: Outputting field names for sheet 'Parcel'
2026-03-12 08:07:02| 171.7|  0.1|INFORM|XLSXW writer: 455 of 2145 features written
2026-03-12 08:07:02| 172.0|  0.3|INFORM|XLSXW writer: 2145 of 2145 features written
2026-03-12 08:07:02| 172.0|  0.0|INFORM|GEOJSON writer: Splitting bulk features into individual features
2026-03-12 08:07:02| 172.3|  0.3|STATS |AttributeCreator_3 OUTPUT Splitter (TeeFactory): Cloned 2145 input feature(s) into 4290 output feature(s)
2026-03-12 08:07:02| 172.3|  0.0|INFORM|Excel Writer: Saving changes to dataset 'D:\Bodenabdeckung.xlsx'
2026-03-12 08:07:02| 172.3|  0.0|INFORM|Excel Writer: Workbook contains 1 fonts and 1 cell formats after writing
2026-03-12 08:07:09| 178.0|  5.7|INFORM|Excel Writer: Closing dataset 'D:\Bodenabdeckung.xlsx'...
2026-03-12 08:07:09| 178.0|  0.0|INFORM|=-=-=-=-=-=-=-=-=-=-=-=-=-=-=-=-=-=-=-=-=-=-=-=-=-=-=-=-=-=-=-=-=-=-=-=-=-=-=-
2026-03-12 08:07:09| 178.0|  0.0|INFORM|Feature output statistics for `XLSXW' writer using keyword `FeatureWriter_0':
2026-03-12 08:07:09| 178.0|  0.0|STATS |=-=-=-=-=-=-=-=-=-=-=-=-=-=-=-=-=-=-=-=-=-=-=-=-=-=-=-=-=-=-=-=-=-=-=-=-=-=-=-
2026-03-12 08:07:09| 178.0|  0.0|STATS |                               Features Written
2026-03-12 08:07:09| 178.0|  0.0|STATS |=-=-=-=-=-=-=-=-=-=-=-=-=-=-=-=-=-=-=-=-=-=-=-=-=-=-=-=-=-=-=-=-=-=-=-=-=-=-=-
2026-03-12 08:07:09| 178.1|  0.1|STATS |Parcel                                                                    2145
2026-03-12 08:07:09| 178.1|  0.0|STATS |==============================================================================
2026-03-12 08:07:09| 178.1|  0.0|STATS |Total Features Written                                                    2145
2026-03-12 08:07:09| 178.1|  0.0|STATS |=-=-=-=-=-=-=-=-=-=-=-=-=-=-=-=-=-=-=-=-=-=-=-=-=-=-=-=-=-=-=-=-=-=-=-=-=-=-=-
2026-03-12 08:07:19| 185.1|  7.0|INFORM|Closing the GEOJSON writer
2026-03-12 08:07:19| 185.1|  0.0|INFORM|=-=-=-=-=-=-=-=-=-=-=-=-=-=-=-=-=-=-=-=-=-=-=-=-=-=-=-=-=-=-=-=-=-=-=-=-=-=-=-
2026-03-12 08:07:19| 185.1|  0.0|INFORM|Feature output statistics for `GEOJSON' writer using keyword `FeatureWriter_2_0':
2026-03-12 08:07:19| 185.1|  0.0|STATS |=-=-=-=-=-=-=-=-=-=-=-=-=-=-=-=-=-=-=-=-=-=-=-=-=-=-=-=-=-=-=-=-=-=-=-=-=-=-=-
2026-03-12 08:07:19| 185.1|  0.0|STATS |                               Features Written
2026-03-12 08:07:19| 185.1|  0.0|STATS |=-=-=-=-=-=-=-=-=-=-=-=-=-=-=-=-=-=-=-=-=-=-=-=-=-=-=-=-=-=-=-=-=-=-=-=-=-=-=-
2026-03-12 08:07:19| 185.1|  0.0|STATS |Land Cover                                                               19903
2026-03-12 08:07:19| 185.1|  0.0|STATS |Parcel                                                                    2145
2026-03-12 08:07:19| 185.1|  0.0|STATS |==============================================================================
2026-03-12 08:07:19| 185.1|  0.0|STATS |Total Features Written                                                   22048
2026-03-12 08:07:19| 185.1|  0.0|STATS |=-=-=-=-=-=-=-=-=-=-=-=-=-=-=-=-=-=-=-=-=-=-=-=-=-=-=-=-=-=-=-=-=-=-=-=-=-=-=-
2026-03-12 08:07:22| 187.6|  2.5|STATS |Destination Feature Type Routing Correlator (RoutingFactory): Tested 0 input feature(s), wrote 0 output feature(s): 0 matched merge filters, 0 were routed to output, 0 could not be routed.
2026-03-12 08:07:22| 187.6|  0.0|STATS |Final Output Nuker (TeeFactory): Cloned 0 input feature(s) into 0 output feature(s)
2026-03-12 08:07:22| 187.6|  0.0|STATS |=-=-=-=-=-=-=-=-=-=-=-=-=-=-=-=-=-=-=-=-=-=-=-=-=-=-=-=-=-=-=-=-=-=-=-=-=-=-=-
2026-03-12 08:07:22| 187.6|  0.0|STATS |                            Features Read Summary
2026-03-12 08:07:22| 187.6|  0.0|STATS |=-=-=-=-=-=-=-=-=-=-=-=-=-=-=-=-=-=-=-=-=-=-=-=-=-=-=-=-=-=-=-=-=-=-=-=-=-=-=-
2026-03-12 08:07:22| 187.6|  0.0|STATS |==============================================================================
2026-03-12 08:07:22| 187.6|  0.0|STATS |Total Features Read                                                          0
2026-03-12 08:07:22| 187.6|  0.0|STATS |=-=-=-=-=-=-=-=-=-=-=-=-=-=-=-=-=-=-=-=-=-=-=-=-=-=-=-=-=-=-=-=-=-=-=-=-=-=-=-
2026-03-12 08:07:22| 187.6|  0.0|STATS |=-=-=-=-=-=-=-=-=-=-=-=-=-=-=-=-=-=-=-=-=-=-=-=-=-=-=-=-=-=-=-=-=-=-=-=-=-=-=-
2026-03-12 08:07:22| 187.6|  0.0|STATS |                           Features Written Summary
2026-03-12 08:07:22| 187.6|  0.0|STATS |=-=-=-=-=-=-=-=-=-=-=-=-=-=-=-=-=-=-=-=-=-=-=-=-=-=-=-=-=-=-=-=-=-=-=-=-=-=-=-
2026-03-12 08:07:22| 187.6|  0.0|STATS |==============================================================================
2026-03-12 08:07:22| 187.6|  0.0|STATS |Total Features Written                                                       0
2026-03-12 08:07:22| 187.6|  0.0|STATS |=-=-=-=-=-=-=-=-=-=-=-=-=-=-=-=-=-=-=-=-=-=-=-=-=-=-=-=-=-=-=-=-=-=-=-=-=-=-=-
2026-03-12 08:07:22| 187.6|  0.0|WARN  |-~-~-~-~-~-~-~-~-~-~-~-~-~-~-~-~-~-~-~-~-~-~-~-~-~-~-~-~-~-~-~-~-~-~-~-~-~-~-~-~-
2026-03-12 08:07:22| 187.6|  0.0|WARN  |-~                                                                             ~-
2026-03-12 08:07:22| 187.6|  0.0|WARN  |-~    Feature caches have been recorded at every stage of the translation.     ~-
2026-03-12 08:07:22| 187.6|  0.0|WARN  |-~                      To inspect the recorded features,                      ~-
2026-03-12 08:07:22| 187.6|  0.0|WARN  |-~              click the feature cache icons next to the ports.               ~-
2026-03-12 08:07:22| 187.6|  0.0|WARN  |-~                                                                             ~-
2026-03-12 08:07:22| 187.6|  0.0|WARN  |-~-~-~-~-~-~-~-~-~-~-~-~-~-~-~-~-~-~-~-~-~-~-~-~-~-~-~-~-~-~-~-~-~-~-~-~-~-~-~-~-
2026-03-12 08:07:22| 187.7|  0.1|INFORM|Translation was SUCCESSFUL with 11 warning(s) (0 feature(s) output)
2026-03-12 08:07:22| 187.7|  0.0|INFORM|FME Session Duration: 4 minutes 24.5 seconds. (CPU: 142.9s user, 44.8s system)
2026-03-12 08:07:22| 187.7|  0.0|INFORM|END - ProcessID: 142156, peak process memory usage: 735588 kB, current process memory usage: 229900 kB
